0 info it worked if it ends with ok
1 verbose cli [ '/usr/local/bin/node', '/usr/local/bin/npm', 'publish' ]
2 info using npm@3.10.6
3 info using node@v6.3.0
4 verbose publish [ '.' ]
5 silly cache add args [ '.', null ]
6 verbose cache add spec .
7 silly cache add parsed spec Result {
7 silly cache add   raw: '.',
7 silly cache add   scope: null,
7 silly cache add   escapedName: null,
7 silly cache add   name: null,
7 silly cache add   rawSpec: '.',
7 silly cache add   spec: '/Users/jenyckee/srv/thesis/ludo',
7 silly cache add   type: 'directory' }
8 verbose addLocalDirectory /Users/jenyckee/.npm/ludojs/0.0.1/package.tgz not in flight; packing
9 verbose correctMkdir /Users/jenyckee/.npm correctMkdir not in flight; initializing
10 info lifecycle ludojs@0.0.1~prepublish: ludojs@0.0.1
11 silly lifecycle ludojs@0.0.1~prepublish: no script for prepublish, continuing
12 verbose tar pack [ '/Users/jenyckee/.npm/ludojs/0.0.1/package.tgz',
12 verbose tar pack   '/Users/jenyckee/srv/thesis/ludo' ]
13 verbose tarball /Users/jenyckee/.npm/ludojs/0.0.1/package.tgz
14 verbose folder /Users/jenyckee/srv/thesis/ludo
15 verbose addLocalTarball adding from inside cache /Users/jenyckee/.npm/ludojs/0.0.1/package.tgz
16 verbose correctMkdir /Users/jenyckee/.npm correctMkdir not in flight; initializing
17 silly cache afterAdd ludojs@0.0.1
18 verbose afterAdd /Users/jenyckee/.npm/ludojs/0.0.1/package/package.json not in flight; writing
19 verbose correctMkdir /Users/jenyckee/.npm correctMkdir not in flight; initializing
20 verbose afterAdd /Users/jenyckee/.npm/ludojs/0.0.1/package/package.json written
21 silly publish { name: 'ludojs',
21 silly publish   version: '0.0.1',
21 silly publish   description: 'Webpack seed',
21 silly publish   main: 'app.js',
21 silly publish   author: { name: 'Jeroen Nyckees' },
21 silly publish   license: 'MIT',
21 silly publish   scripts:
21 silly publish    { watch: 'webpack src/index.ts dist/ludo.js --watch',
21 silly publish      build: 'webpack src/index.ts dist/ludo.js' },
21 silly publish   devDependencies:
21 silly publish    { 'babel-core': '^6.5.2',
21 silly publish      'babel-loader': '^6.2.3',
21 silly publish      'babel-preset-es2015': '^6.14.0',
21 silly publish      'browser-sync': '^2.8.0',
21 silly publish      'file-loader': '^0.8.5',
21 silly publish      'html-webpack-plugin': '^2.8.1',
21 silly publish      'resolve-url-loader': '^1.4.3',
21 silly publish      'ts-loader': '^2.0.0',
21 silly publish      typescript: '^2.1.5',
21 silly publish      'url-loader': '^0.5.7',
21 silly publish      webpack: '^1.12.13',
21 silly publish      'webpack-dev-middleware': '^1.2.0',
21 silly publish      'webpack-hot-middleware': '^1.1.0' },
21 silly publish   dependencies:
21 silly publish    { '@types/es6-promise': '0.0.32',
21 silly publish      '@types/peerjs': '0.0.28',
21 silly publish      '@types/ramda': '0.0.3',
21 silly publish      immutable: '^3.8.1',
21 silly publish      peerjs: '^0.3.14',
21 silly publish      'pixi.js': '^4.2.2',
21 silly publish      ramda: '^0.22.1',
21 silly publish      redux: '^3.6.0',
21 silly publish      'redux-observable': '^0.12.2',
21 silly publish      'redux-thunk': '^2.1.0',
21 silly publish      three: '^0.80.1',
21 silly publish      typescript: '^2.1.5' },
21 silly publish   readme: 'ERROR: No README data found!',
21 silly publish   readmeFilename: 'readme.md',
21 silly publish   gitHead: '62404a249241ab3ceb3fe7ce44be8cb270208a37',
21 silly publish   _id: 'ludojs@0.0.1',
21 silly publish   _shasum: 'dddc0fb8009325a5247aaaec458f64b03ecc59c8',
21 silly publish   _from: '.' }
22 verbose getPublishConfig undefined
23 silly mapToRegistry name ludojs
24 silly mapToRegistry using default registry
25 silly mapToRegistry registry https://registry.npmjs.org/
26 silly mapToRegistry data Result {
26 silly mapToRegistry   raw: 'ludojs',
26 silly mapToRegistry   scope: null,
26 silly mapToRegistry   escapedName: 'ludojs',
26 silly mapToRegistry   name: 'ludojs',
26 silly mapToRegistry   rawSpec: '',
26 silly mapToRegistry   spec: 'latest',
26 silly mapToRegistry   type: 'tag' }
27 silly mapToRegistry uri https://registry.npmjs.org/ludojs
28 verbose publish registryBase https://registry.npmjs.org/
29 silly publish uploading /Users/jenyckee/.npm/ludojs/0.0.1/package.tgz
30 verbose request uri https://registry.npmjs.org/ludojs
31 verbose request sending authorization for write operation
32 info attempt registry request try #1 at 7:00:59 PM
33 verbose request using bearer token for auth
34 verbose request id 1a4c041605a6ebb9
35 http request PUT https://registry.npmjs.org/ludojs
36 http 403 https://registry.npmjs.org/ludojs
37 verbose headers { 'content-type': 'application/json',
37 verbose headers   'cache-control': 'max-age=300',
37 verbose headers   'content-length': '95',
37 verbose headers   'accept-ranges': 'bytes',
37 verbose headers   date: 'Sat, 04 Feb 2017 18:00:58 GMT',
37 verbose headers   via: '1.1 varnish',
37 verbose headers   connection: 'keep-alive',
37 verbose headers   'x-served-by': 'cache-ams4446-AMS',
37 verbose headers   'x-cache': 'MISS',
37 verbose headers   'x-cache-hits': '0',
37 verbose headers   'x-timer': 'S1486231256.865960,VS0,VE1243',
37 verbose headers   vary: 'Accept-Encoding' }
38 verbose request invalidating /Users/jenyckee/.npm/registry.npmjs.org/ludojs on PUT
39 error publish Failed PUT 403
40 verbose stack Error: "You cannot publish over the previously published version 0.0.1." : ludojs
40 verbose stack     at makeError (/usr/local/lib/node_modules/npm/node_modules/npm-registry-client/lib/request.js:264:12)
40 verbose stack     at CachingRegistryClient.<anonymous> (/usr/local/lib/node_modules/npm/node_modules/npm-registry-client/lib/request.js:252:14)
40 verbose stack     at Request._callback (/usr/local/lib/node_modules/npm/node_modules/npm-registry-client/lib/request.js:172:14)
40 verbose stack     at Request.self.callback (/usr/local/lib/node_modules/npm/node_modules/request/request.js:200:22)
40 verbose stack     at emitTwo (events.js:106:13)
40 verbose stack     at Request.emit (events.js:191:7)
40 verbose stack     at Request.<anonymous> (/usr/local/lib/node_modules/npm/node_modules/request/request.js:1067:10)
40 verbose stack     at emitOne (events.js:101:20)
40 verbose stack     at Request.emit (events.js:188:7)
40 verbose stack     at IncomingMessage.<anonymous> (/usr/local/lib/node_modules/npm/node_modules/request/request.js:988:12)
41 verbose statusCode 403
42 verbose pkgid ludojs
43 verbose cwd /Users/jenyckee/srv/thesis/ludo
44 error Darwin 15.5.0
45 error argv "/usr/local/bin/node" "/usr/local/bin/npm" "publish"
46 error node v6.3.0
47 error npm  v3.10.6
48 error code E403
49 error "You cannot publish over the previously published version 0.0.1." : ludojs
50 error If you need help, you may report this error at:
50 error     <https://github.com/npm/npm/issues>
51 verbose exit [ 1, true ]
